<?xml version="1.0" encoding="UTF-8"?>
<!-- Generated by org.testng.reporters.JUnitReportReporter -->
<testsuite hostname="DESKTOP-1H1R9GO" failures="0" tests="1" name="jen.Createcontact_org" time="0.016" errors="0" timestamp="2022-11-15T22:38:12 IST" skipped="0">
  <testcase classname="jen.Createcontact_org" name="createContact_org" time="0.016"/>
  <system-out/>
</testsuite> <!-- jen.Createcontact_org -->
